Using pre-set license
Built from '2021.3/staging' branch; Version is '2021.3.21f1 (1b156197d683) revision 1774945'; Using compiler version '192829333'; Build Type 'Release'
OS: 'Windows 10  (10.0.19044) 64bit Professional' Language: 'en' Physical Memory: 8058 MB
BatchMode: 1, IsHumanControllingUs: 0, StartBugReporterOnCrash: 0, Is64bit: 1, IsPro: 1

COMMAND LINE ARGUMENTS:
C:\Program Files\Unity\Hub\Editor\2021.3.21f1\Editor\Unity.exe
-adb2
-batchMode
-noUpm
-name
AssetImportWorker2
-projectPath
E:/FYP_GAME/Casual Kabaddi B
-logFile
Logs/AssetImportWorker2.log
-srvPort
53867
Successfully changed project path to: E:/FYP_GAME/Casual Kabaddi B
E:/FYP_GAME/Casual Kabaddi B
[UnityMemory] Configuration Parameters - Can be set up in boot.config
    "memorysetup-bucket-allocator-granularity=16"
    "memorysetup-bucket-allocator-bucket-count=8"
    "memorysetup-bucket-allocator-block-size=33554432"
    "memorysetup-bucket-allocator-block-count=8"
    "memorysetup-main-allocator-block-size=16777216"
    "memorysetup-thread-allocator-block-size=16777216"
    "memorysetup-gfx-main-allocator-block-size=16777216"
    "memorysetup-gfx-thread-allocator-block-size=16777216"
    "memorysetup-cache-allocator-block-size=4194304"
    "memorysetup-typetree-allocator-block-size=2097152"
    "memorysetup-profiler-bucket-allocator-granularity=16"
    "memorysetup-profiler-bucket-allocator-bucket-count=8"
    "memorysetup-profiler-bucket-allocator-block-size=33554432"
    "memorysetup-profiler-bucket-allocator-block-count=8"
    "memorysetup-profiler-allocator-block-size=16777216"
    "memorysetup-profiler-editor-allocator-block-size=1048576"
    "memorysetup-temp-allocator-size-main=16777216"
    "memorysetup-job-temp-allocator-block-size=2097152"
    "memorysetup-job-temp-allocator-block-size-background=1048576"
    "memorysetup-job-temp-allocator-reduction-small-platforms=262144"
    "memorysetup-temp-allocator-size-background-worker=32768"
    "memorysetup-temp-allocator-size-job-worker=262144"
    "memorysetup-temp-allocator-size-preload-manager=33554432"
    "memorysetup-temp-allocator-size-nav-mesh-worker=65536"
    "memorysetup-temp-allocator-size-audio-worker=65536"
    "memorysetup-temp-allocator-size-cloud-worker=32768"
    "memorysetup-temp-allocator-size-gi-baking-worker=262144"
    "memorysetup-temp-allocator-size-gfx=262144"
Player connection [4940] Host "[IP] 192.168.0.102 [Port] 0 [Flags] 2 [Guid] 4112932678 [EditorId] 4112932678 [Version] 1048832 [Id] WindowsEditor(7,DESKTOP-BUESLVG) [Debug] 1 [PackageName] WindowsEditor [ProjectName] Editor" joined multi-casting on [225.0.0.222:54997]...

Player connection [4940] Host "[IP] 192.168.0.102 [Port] 0 [Flags] 2 [Guid] 4112932678 [EditorId] 4112932678 [Version] 1048832 [Id] WindowsEditor(7,DESKTOP-BUESLVG) [Debug] 1 [PackageName] WindowsEditor [ProjectName] Editor" joined alternative multi-casting on [225.0.0.222:34997]...

Refreshing native plugins compatible for Editor in 107.62 ms, found 5 plugins.
Preloading 0 native plugins for Editor in 0.00 ms.
Initialize engine version: 2021.3.21f1 (1b156197d683)
[Subsystems] Discovering subsystems at path C:/Program Files/Unity/Hub/Editor/2021.3.21f1/Editor/Data/Resources/UnitySubsystems
[Subsystems] Discovering subsystems at path E:/FYP_GAME/Casual Kabaddi B/Assets
GfxDevice: creating device client; threaded=0; jobified=0
Direct3D:
    Version:  Direct3D 11.0 [level 11.1]
    Renderer: Intel(R) HD Graphics 620 (ID=0x5916)
    Vendor:   Intel
    VRAM:     4029 MB
    Driver:   27.20.100.9664
Initialize mono
Mono path[0] = 'C:/Program Files/Unity/Hub/Editor/2021.3.21f1/Editor/Data/Managed'
Mono path[1] = 'C:/Program Files/Unity/Hub/Editor/2021.3.21f1/Editor/Data/MonoBleedingEdge/lib/mono/unityjit-win32'
Mono config path = 'C:/Program Files/Unity/Hub/Editor/2021.3.21f1/Editor/Data/MonoBleedingEdge/etc'
Using monoOptions --debugger-agent=transport=dt_socket,embedding=1,server=y,suspend=n,address=127.0.0.1:56924
Begin MonoManager ReloadAssembly
Registering precompiled unity dll's ...
Register platform support module: C:/Program Files/Unity/Hub/Editor/2021.3.21f1/Editor/Data/PlaybackEngines/WebGLSupport/UnityEditor.WebGL.Extensions.dll
Register platform support module: C:/Program Files/Unity/Hub/Editor/2021.3.21f1/Editor/Data/PlaybackEngines/AndroidPlayer/UnityEditor.Android.Extensions.dll
Register platform support module: C:/Program Files/Unity/Hub/Editor/2021.3.21f1/Editor/Data/PlaybackEngines/WindowsStandaloneSupport/UnityEditor.WindowsStandalone.Extensions.dll
Registered in 0.011851 seconds.
Native extension for WindowsStandalone target not found
Native extension for Android target not found
Android Extension - Scanning For ADB Devices 694 ms
Native extension for WebGL target not found
Refreshing native plugins compatible for Editor in 102.05 ms, found 5 plugins.
Preloading 0 native plugins for Editor in 0.00 ms.
Mono: successfully reloaded assembly
- Completed reload, in  1.487 seconds
Domain Reload Profiling:
	ReloadAssembly (1488ms)
		BeginReloadAssembly (108ms)
			ExecutionOrderSort (0ms)
			DisableScriptedObjects (0ms)
			BackupInstance (0ms)
			ReleaseScriptingObjects (0ms)
			CreateAndSetChildDomain (1ms)
		EndReloadAssembly (1256ms)
			LoadAssemblies (106ms)
			RebuildTransferFunctionScriptingTraits (0ms)
			SetupTypeCache (131ms)
			ReleaseScriptCaches (0ms)
			RebuildScriptCaches (35ms)
			SetupLoadedEditorAssemblies (1031ms)
				LogAssemblyErrors (0ms)
				InitializePlatformSupportModulesInManaged (776ms)
				SetLoadedEditorAssemblies (0ms)
				RefreshPlugins (102ms)
				BeforeProcessingInitializeOnLoad (2ms)
				ProcessInitializeOnLoadAttributes (102ms)
				ProcessInitializeOnLoadMethodAttributes (49ms)
				AfterProcessingInitializeOnLoad (0ms)
				EditorAssembliesLoaded (0ms)
			ExecutionOrderSort2 (0ms)
			AwakeInstancesAfterBackupRestoration (0ms)
Platform modules already initialized, skipping
Registering precompiled user dll's ...
Registered in 0.004774 seconds.
Begin MonoManager ReloadAssembly
Symbol file LoadedFromMemory doesn't match image E:\FYP_GAME\Casual Kabaddi B\Library\PackageCache\com.unity.visualscripting@1.8.0\Editor\VisualScripting.Core\Dependencies\YamlDotNet\Unity.VisualScripting.YamlDotNet.dll
Symbol file LoadedFromMemory doesn't match image E:\FYP_GAME\Casual Kabaddi B\Library\PackageCache\com.unity.visualscripting@1.8.0\Editor\VisualScripting.Core\Dependencies\DotNetZip\Unity.VisualScripting.IonicZip.dll
Native extension for WindowsStandalone target not found
Native extension for Android target not found
Native extension for WebGL target not found
Refreshing native plugins compatible for Editor in 0.74 ms, found 5 plugins.
Preloading 0 native plugins for Editor in 0.00 ms.
Mono: successfully reloaded assembly
- Completed reload, in  3.120 seconds
Domain Reload Profiling:
	ReloadAssembly (3121ms)
		BeginReloadAssembly (149ms)
			ExecutionOrderSort (0ms)
			DisableScriptedObjects (7ms)
			BackupInstance (0ms)
			ReleaseScriptingObjects (0ms)
			CreateAndSetChildDomain (24ms)
		EndReloadAssembly (2791ms)
			LoadAssemblies (1753ms)
			RebuildTransferFunctionScriptingTraits (0ms)
			SetupTypeCache (396ms)
			ReleaseScriptCaches (1ms)
			RebuildScriptCaches (76ms)
			SetupLoadedEditorAssemblies (531ms)
				LogAssemblyErrors (0ms)
				InitializePlatformSupportModulesInManaged (24ms)
				SetLoadedEditorAssemblies (0ms)
				RefreshPlugins (1ms)
				BeforeProcessingInitializeOnLoad (107ms)
				ProcessInitializeOnLoadAttributes (366ms)
				ProcessInitializeOnLoadMethodAttributes (22ms)
				AfterProcessingInitializeOnLoad (10ms)
				EditorAssembliesLoaded (0ms)
			ExecutionOrderSort2 (0ms)
			AwakeInstancesAfterBackupRestoration (8ms)
Platform modules already initialized, skipping
========================================================================
Worker process is ready to serve import requests
Launched and connected shader compiler UnityShaderCompiler.exe after 0.56 seconds
Refreshing native plugins compatible for Editor in 0.68 ms, found 5 plugins.
Preloading 0 native plugins for Editor in 0.00 ms.
Unloading 3414 Unused Serialized files (Serialized files now loaded: 0)
Unloading 40 unused Assets / (186.6 KB). Loaded Objects now: 3874.
Memory consumption went from 122.4 MB to 122.2 MB.
Total: 3.262400 ms (FindLiveObjects: 0.310300 ms CreateObjectMapping: 0.254000 ms MarkObjects: 2.554400 ms  DeleteObjects: 0.142900 ms)

AssetImportParameters requested are different than current active one (requested -> active):
  custom:video-decoder-ogg-theora: a1e56fd34408186e4bbccfd4996cb3dc -> 
  custom:container-muxer-webm: aa71ff27fc2769a1b78a27578f13a17b -> 
  custom:container-demuxer-webm: 4f35f7cbe854078d1ac9338744f61a02 -> 
  custom:video-encoder-webm-vp8: eb34c28f22e8b96e1ab97ce403110664 -> 
  custom:audio-encoder-webm-vorbis: bf7c407c2cedff20999df2af8eb42d56 -> 
  custom:framework-win-MediaFoundation: 216162199b28c13a410421893ffa2e32 -> 
  custom:container-demuxer-ogg: 62fdf1f143b41e24485cea50d1cbac27 -> 
  custom:video-decoder-webm-vp8: 9c59270c3fd7afecdb556c50c9e8de78 -> 
  custom:audio-decoder-ogg-vorbis: bf7c407c2cedff20999df2af8eb42d56 -> 
========================================================================
Received Import Request.
  Time since last request: 658613.695036 seconds.
  path: Assets/Prfabs/PakistanPlayer@Walking.fbx
  artifactKey: Guid(3e91bd576844c6b42827c88f5438a0c8) Importer(815301076,1909f56bfc062723c751e8b465ee728b)
Start importing Assets/Prfabs/PakistanPlayer@Walking.fbx using Guid(3e91bd576844c6b42827c88f5438a0c8) Importer(815301076,1909f56bfc062723c751e8b465ee728b)  -> (artifact id: '6e53de6ed2e83ce2a90199a69b4b244f') in 1.207221 seconds 
========================================================================
Received Import Request.
  Time since last request: 2.635916 seconds.
  path: Assets/Animations/Dodging Back.fbx
  artifactKey: Guid(e3c454fe4d779e8499e8a2e4ba74abb2) Importer(815301076,1909f56bfc062723c751e8b465ee728b)
Start importing Assets/Animations/Dodging Back.fbx using Guid(e3c454fe4d779e8499e8a2e4ba74abb2) Importer(815301076,1909f56bfc062723c751e8b465ee728b)  -> (artifact id: '8fb10d654ad56b97626664f767d39eb4') in 0.021692 seconds 
========================================================================
Received Import Request.
  Time since last request: 40.093592 seconds.
  path: Assets/Animations/Dodging Back.fbx
  artifactKey: Guid(e3c454fe4d779e8499e8a2e4ba74abb2) Importer(815301076,1909f56bfc062723c751e8b465ee728b)
Start importing Assets/Animations/Dodging Back.fbx using Guid(e3c454fe4d779e8499e8a2e4ba74abb2) Importer(815301076,1909f56bfc062723c751e8b465ee728b)  -> (artifact id: 'ab42112fcee5f370a165b8654d587870') in 0.006702 seconds 
========================================================================
Received Import Request.
  Time since last request: 29.146910 seconds.
  path: Assets/Animations/Grab.fbx
  artifactKey: Guid(0f21ea4fc3239f84d8725adfa5d578c5) Importer(815301076,1909f56bfc062723c751e8b465ee728b)
Start importing Assets/Animations/Grab.fbx using Guid(0f21ea4fc3239f84d8725adfa5d578c5) Importer(815301076,1909f56bfc062723c751e8b465ee728b)  -> (artifact id: 'bb5ed35724f4a285a41cd546195d1429') in 0.032919 seconds 
========================================================================
Received Import Request.
  Time since last request: 102.095435 seconds.
  path: Assets/Animations/Dodging Back.fbx
  artifactKey: Guid(e3c454fe4d779e8499e8a2e4ba74abb2) Importer(815301076,1909f56bfc062723c751e8b465ee728b)
Start importing Assets/Animations/Dodging Back.fbx using Guid(e3c454fe4d779e8499e8a2e4ba74abb2) Importer(815301076,1909f56bfc062723c751e8b465ee728b)  -> (artifact id: '3bba41fcab08cb379508c90aff99e676') in 0.011436 seconds 
========================================================================
Received Import Request.
  Time since last request: 14.990536 seconds.
  path: Assets/Animations/Grab.fbx
  artifactKey: Guid(0f21ea4fc3239f84d8725adfa5d578c5) Importer(815301076,1909f56bfc062723c751e8b465ee728b)
Start importing Assets/Animations/Grab.fbx using Guid(0f21ea4fc3239f84d8725adfa5d578c5) Importer(815301076,1909f56bfc062723c751e8b465ee728b)  -> (artifact id: 'f63037c8fc37fa5b76f75f95a8a62edf') in 0.008816 seconds 
========================================================================
Received Import Request.
  Time since last request: 9.004743 seconds.
  path: Assets/Animations/Standing Dodge Left.fbx
  artifactKey: Guid(3e6012137ef11ae4983ada69488ee213) Importer(815301076,1909f56bfc062723c751e8b465ee728b)
Start importing Assets/Animations/Standing Dodge Left.fbx using Guid(3e6012137ef11ae4983ada69488ee213) Importer(815301076,1909f56bfc062723c751e8b465ee728b)  -> (artifact id: '86a1c314daeea8d41d90a5b1bdc29686') in 0.028778 seconds 
========================================================================
Received Import Request.
  Time since last request: 21.783199 seconds.
  path: Assets/Animations/Standing Dodge Left.fbx
  artifactKey: Guid(3e6012137ef11ae4983ada69488ee213) Importer(815301076,1909f56bfc062723c751e8b465ee728b)
Start importing Assets/Animations/Standing Dodge Left.fbx using Guid(3e6012137ef11ae4983ada69488ee213) Importer(815301076,1909f56bfc062723c751e8b465ee728b)  -> (artifact id: '66f67f92fefea612eaaf2cb587a1713d') in 0.015452 seconds 
========================================================================
Received Import Request.
  Time since last request: 7.438824 seconds.
  path: Assets/Animations/Standing Dodge Right.fbx
  artifactKey: Guid(5728338e151dbf248b2c16d7d324d226) Importer(815301076,1909f56bfc062723c751e8b465ee728b)
Start importing Assets/Animations/Standing Dodge Right.fbx using Guid(5728338e151dbf248b2c16d7d324d226) Importer(815301076,1909f56bfc062723c751e8b465ee728b)  -> (artifact id: '3c0b203e0d99bacf585d4cdd911a06f1') in 0.018550 seconds 
========================================================================
Received Import Request.
  Time since last request: 13.615862 seconds.
  path: Assets/Animations/Standing Dodge Right.fbx
  artifactKey: Guid(5728338e151dbf248b2c16d7d324d226) Importer(815301076,1909f56bfc062723c751e8b465ee728b)
Start importing Assets/Animations/Standing Dodge Right.fbx using Guid(5728338e151dbf248b2c16d7d324d226) Importer(815301076,1909f56bfc062723c751e8b465ee728b)  -> (artifact id: '573605b23d3782946f52b81a0c8d5aa6') in 0.012482 seconds 
========================================================================
Received Import Request.
  Time since last request: 4.830787 seconds.
  path: Assets/Animations/Touch.fbx
  artifactKey: Guid(dcfa7009f7e0bfe489358eaaaf8fedc0) Importer(815301076,1909f56bfc062723c751e8b465ee728b)
Start importing Assets/Animations/Touch.fbx using Guid(dcfa7009f7e0bfe489358eaaaf8fedc0) Importer(815301076,1909f56bfc062723c751e8b465ee728b)  -> (artifact id: 'a03ca5d2bc6cdc83e0da5895ccb8fd03') in 0.067293 seconds 
========================================================================
Received Import Request.
  Time since last request: 15.210169 seconds.
  path: Assets/Animations/Touch.fbx
  artifactKey: Guid(dcfa7009f7e0bfe489358eaaaf8fedc0) Importer(815301076,1909f56bfc062723c751e8b465ee728b)
Start importing Assets/Animations/Touch.fbx using Guid(dcfa7009f7e0bfe489358eaaaf8fedc0) Importer(815301076,1909f56bfc062723c751e8b465ee728b)  -> (artifact id: 'fd4f3a0859e0f4daeed06910a502295d') in 0.015213 seconds 
========================================================================
Received Import Request.
  Time since last request: 31.648640 seconds.
  path: Assets/Materials/black.001.mat
  artifactKey: Guid(d81c422d741d36e48988b76a00dd25ee) Importer(815301076,1909f56bfc062723c751e8b465ee728b)
Start importing Assets/Materials/black.001.mat using Guid(d81c422d741d36e48988b76a00dd25ee) Importer(815301076,1909f56bfc062723c751e8b465ee728b)  -> (artifact id: '62547b2eee27b3f783756d19261fae31') in 0.140257 seconds 
========================================================================
Received Import Request.
  Time since last request: 0.000058 seconds.
  path: Assets/Materials/green.007.mat
  artifactKey: Guid(9c3f99e6c6b47224c94d7d90f58ae3b5) Importer(815301076,1909f56bfc062723c751e8b465ee728b)
Start importing Assets/Materials/green.007.mat using Guid(9c3f99e6c6b47224c94d7d90f58ae3b5) Importer(815301076,1909f56bfc062723c751e8b465ee728b)  -> (artifact id: '1527b8e51604a53992d78edbc7c16407') in 0.149234 seconds 
========================================================================
Received Import Request.
  Time since last request: 0.000054 seconds.
  path: Assets/Materials/green.008.mat
  artifactKey: Guid(adc5058e838470942bb1cdea8f0efd84) Importer(815301076,1909f56bfc062723c751e8b465ee728b)
Start importing Assets/Materials/green.008.mat using Guid(adc5058e838470942bb1cdea8f0efd84) Importer(815301076,1909f56bfc062723c751e8b465ee728b)  -> (artifact id: '4bd11c4f2226c2a3bbc7f4ab903bb74c') in 0.081395 seconds 
========================================================================
Received Import Request.
  Time since last request: 0.000020 seconds.
  path: Assets/Materials/Kabaddi Gate_.mat
  artifactKey: Guid(6d9bae4e41d26d7429c56466c10623a2) Importer(815301076,1909f56bfc062723c751e8b465ee728b)
Start importing Assets/Materials/Kabaddi Gate_.mat using Guid(6d9bae4e41d26d7429c56466c10623a2) Importer(815301076,1909f56bfc062723c751e8b465ee728b)  -> (artifact id: 'a8e5ecfebb48b9a530c6c8198f806b7b') in 0.109482 seconds 
========================================================================
Received Import Request.
  Time since last request: 0.000038 seconds.
  path: Assets/Materials/brown.011.mat
  artifactKey: Guid(f9b2d7ec3fe7d6d4ba9405b0a1c33505) Importer(815301076,1909f56bfc062723c751e8b465ee728b)
Start importing Assets/Materials/brown.011.mat using Guid(f9b2d7ec3fe7d6d4ba9405b0a1c33505) Importer(815301076,1909f56bfc062723c751e8b465ee728b)  -> (artifact id: '74a0e33ad6f2f1bc6ca9116e53441a42') in 0.090607 seconds 
========================================================================
Received Import Request.
  Time since last request: 0.000056 seconds.
  path: Assets/Materials/Kabaddi Sitting_.mat
  artifactKey: Guid(606ec078581e4214389a6cd725e5bdac) Importer(815301076,1909f56bfc062723c751e8b465ee728b)
Start importing Assets/Materials/Kabaddi Sitting_.mat using Guid(606ec078581e4214389a6cd725e5bdac) Importer(815301076,1909f56bfc062723c751e8b465ee728b)  -> (artifact id: 'f571292b405b85b5176eac11b15a0cc2') in 0.057431 seconds 
========================================================================
Received Import Request.
  Time since last request: 0.000075 seconds.
  path: Assets/Materials/brown.010.mat
  artifactKey: Guid(de21678512e29a3499e3b90c42766239) Importer(815301076,1909f56bfc062723c751e8b465ee728b)
Start importing Assets/Materials/brown.010.mat using Guid(de21678512e29a3499e3b90c42766239) Importer(815301076,1909f56bfc062723c751e8b465ee728b)  -> (artifact id: '0aa914657f6750d31cdb0380c44a70af') in 0.085749 seconds 
========================================================================
Received Import Request.
  Time since last request: 0.000038 seconds.
  path: Assets/Materials/brown.017.mat
  artifactKey: Guid(5413c31aba3c15d4ba7e291e9ce04482) Importer(815301076,1909f56bfc062723c751e8b465ee728b)
Start importing Assets/Materials/brown.017.mat using Guid(5413c31aba3c15d4ba7e291e9ce04482) Importer(815301076,1909f56bfc062723c751e8b465ee728b)  -> (artifact id: '11f5384f56dd365cbd4ef14b47a287d2') in 0.062820 seconds 
========================================================================
Received Import Request.
  Time since last request: 0.000041 seconds.
  path: Assets/Materials/brown.012.mat
  artifactKey: Guid(66b90b3927b88b04a897c4c79285f71e) Importer(815301076,1909f56bfc062723c751e8b465ee728b)
Start importing Assets/Materials/brown.012.mat using Guid(66b90b3927b88b04a897c4c79285f71e) Importer(815301076,1909f56bfc062723c751e8b465ee728b)  -> (artifact id: 'ff7724f3a22d15319533f4da9eea5de9') in 0.058494 seconds 
========================================================================
Received Import Request.
  Time since last request: 0.000021 seconds.
  path: Assets/Materials/green.009.mat
  artifactKey: Guid(7cf101fa31c1ad94789c9cb864bc4e5b) Importer(815301076,1909f56bfc062723c751e8b465ee728b)
Start importing Assets/Materials/green.009.mat using Guid(7cf101fa31c1ad94789c9cb864bc4e5b) Importer(815301076,1909f56bfc062723c751e8b465ee728b)  -> (artifact id: 'b50856edca080d348059e451cd83f8cc') in 0.057603 seconds 
========================================================================
Received Import Request.
  Time since last request: 4.292929 seconds.
  path: Assets/Materials/Kabaddi Stadium Wall_1_.mat
  artifactKey: Guid(48c41e16da154c54b880c61fa45375fb) Importer(815301076,1909f56bfc062723c751e8b465ee728b)
Start importing Assets/Materials/Kabaddi Stadium Wall_1_.mat using Guid(48c41e16da154c54b880c61fa45375fb) Importer(815301076,1909f56bfc062723c751e8b465ee728b)  -> (artifact id: 'd2bf0f4b646ce978fd7954d8d384e296') in 0.053559 seconds 
========================================================================
Received Import Request.
  Time since last request: 0.000034 seconds.
  path: Assets/Materials/Kabaddi Stadium Wall_2.mat
  artifactKey: Guid(31c017bfa9476d34ea01b683c53bbf0f) Importer(815301076,1909f56bfc062723c751e8b465ee728b)
Start importing Assets/Materials/Kabaddi Stadium Wall_2.mat using Guid(31c017bfa9476d34ea01b683c53bbf0f) Importer(815301076,1909f56bfc062723c751e8b465ee728b)  -> (artifact id: '65ece97c775cf928d05f457e17b465cf') in 0.061176 seconds 
========================================================================
Received Import Request.
  Time since last request: 0.000038 seconds.
  path: Assets/Materials/Kabaddi Stadium Wall_2.001.mat
  artifactKey: Guid(c219b5bf04a5d6f439903d645f9a97af) Importer(815301076,1909f56bfc062723c751e8b465ee728b)
Start importing Assets/Materials/Kabaddi Stadium Wall_2.001.mat using Guid(c219b5bf04a5d6f439903d645f9a97af) Importer(815301076,1909f56bfc062723c751e8b465ee728b)  -> (artifact id: 'a7016d792ed94057b42fb83368f5b6fe') in 0.106009 seconds 
========================================================================
Received Import Request.
  Time since last request: 0.000025 seconds.
  path: Assets/Materials/KABADDI-ARENA-1.mat
  artifactKey: Guid(61335e6f5eedb6a4ea0e81e0c839aa53) Importer(815301076,1909f56bfc062723c751e8b465ee728b)
Start importing Assets/Materials/KABADDI-ARENA-1.mat using Guid(61335e6f5eedb6a4ea0e81e0c839aa53) Importer(815301076,1909f56bfc062723c751e8b465ee728b)  -> (artifact id: '5fc63f319a55dfd330d7d8e5c9ab3649') in 0.099825 seconds 
========================================================================
Received Import Request.
  Time since last request: 0.000040 seconds.
  path: Assets/Materials/kabadi ground.mat
  artifactKey: Guid(2d68b13a4d50e1147a0d3ccf9cf040f7) Importer(815301076,1909f56bfc062723c751e8b465ee728b)
Start importing Assets/Materials/kabadi ground.mat using Guid(2d68b13a4d50e1147a0d3ccf9cf040f7) Importer(815301076,1909f56bfc062723c751e8b465ee728b)  -> (artifact id: '5cdef710aad9adfc533de662b6c7ebf0') in 0.081645 seconds 
========================================================================
Received Import Request.
  Time since last request: 0.000031 seconds.
  path: Assets/Materials/Kabaddi Window_.mat
  artifactKey: Guid(6b8085f8b3facb44cbcc86c3c148e66b) Importer(815301076,1909f56bfc062723c751e8b465ee728b)
Start importing Assets/Materials/Kabaddi Window_.mat using Guid(6b8085f8b3facb44cbcc86c3c148e66b) Importer(815301076,1909f56bfc062723c751e8b465ee728b)  -> (artifact id: '773de77fd8fd43209191c11c71a1f99b') in 0.257285 seconds 
========================================================================
Received Import Request.
  Time since last request: 0.000100 seconds.
  path: Assets/Materials/Kabaddi Wall.mat
  artifactKey: Guid(327bb2195b6ee5249b6b26f6a0d433fd) Importer(815301076,1909f56bfc062723c751e8b465ee728b)
Start importing Assets/Materials/Kabaddi Wall.mat using Guid(327bb2195b6ee5249b6b26f6a0d433fd) Importer(815301076,1909f56bfc062723c751e8b465ee728b)  -> (artifact id: '2eb99a115d95fb6ebe85d423279b606e') in 0.093029 seconds 
========================================================================
Received Import Request.
  Time since last request: 0.232572 seconds.
  path: Assets/Materials/Material #71.002.mat
  artifactKey: Guid(eb917ac9393afca42a5d23d51429b2f5) Importer(815301076,1909f56bfc062723c751e8b465ee728b)
Start importing Assets/Materials/Material #71.002.mat using Guid(eb917ac9393afca42a5d23d51429b2f5) Importer(815301076,1909f56bfc062723c751e8b465ee728b)  -> (artifact id: 'c3321964e2b5cf2956b72d02d2e11704') in 0.053323 seconds 
========================================================================
Received Import Request.
  Time since last request: 1.262090 seconds.
  path: Assets/Materials/Material #72.002.mat
  artifactKey: Guid(6809565d58b969d479b1f7082850c496) Importer(815301076,1909f56bfc062723c751e8b465ee728b)
Start importing Assets/Materials/Material #72.002.mat using Guid(6809565d58b969d479b1f7082850c496) Importer(815301076,1909f56bfc062723c751e8b465ee728b)  -> (artifact id: '3a233e9f2d9ecf806a69d0b85054ca91') in 0.437973 seconds 
========================================================================
Received Import Request.
  Time since last request: 0.000045 seconds.
  path: Assets/Materials/Material.001.mat
  artifactKey: Guid(894b0e70547fea34f901c75de3632226) Importer(815301076,1909f56bfc062723c751e8b465ee728b)
Start importing Assets/Materials/Material.001.mat using Guid(894b0e70547fea34f901c75de3632226) Importer(815301076,1909f56bfc062723c751e8b465ee728b)  -> (artifact id: 'f5f890e7e5d43aa105c59d1b7a3494dd') in 0.706801 seconds 
========================================================================
Received Import Request.
  Time since last request: 0.000066 seconds.
  path: Assets/Materials/Material.002.mat
  artifactKey: Guid(ad52ae2e22622d74eb67cfd244568685) Importer(815301076,1909f56bfc062723c751e8b465ee728b)
Start importing Assets/Materials/Material.002.mat using Guid(ad52ae2e22622d74eb67cfd244568685) Importer(815301076,1909f56bfc062723c751e8b465ee728b)  -> (artifact id: '5d5c53c49f838b1f915bd485ea6594d9') in 0.211608 seconds 
========================================================================
Received Import Request.
  Time since last request: 0.000091 seconds.
  path: Assets/Materials/Material.004.mat
  artifactKey: Guid(dee4a3da3ec9c1a48b365927c628a615) Importer(815301076,1909f56bfc062723c751e8b465ee728b)
Start importing Assets/Materials/Material.004.mat using Guid(dee4a3da3ec9c1a48b365927c628a615) Importer(815301076,1909f56bfc062723c751e8b465ee728b)  -> (artifact id: '067ce29030833ce741fc2130c43503fd') in 0.323807 seconds 
========================================================================
Received Import Request.
  Time since last request: 0.000056 seconds.
  path: Assets/Materials/Material.006.mat
  artifactKey: Guid(c0c633e5497b4fc488dceb7c4f72ecd4) Importer(815301076,1909f56bfc062723c751e8b465ee728b)
Start importing Assets/Materials/Material.006.mat using Guid(c0c633e5497b4fc488dceb7c4f72ecd4) Importer(815301076,1909f56bfc062723c751e8b465ee728b)  -> (artifact id: 'a04df442cf9619b47fffde9f87ae9de7') in 0.145805 seconds 
========================================================================
Received Import Request.
  Time since last request: 0.000019 seconds.
  path: Assets/Materials/Material.003.mat
  artifactKey: Guid(21f411a1cb1afa040ac4af59d6fe09da) Importer(815301076,1909f56bfc062723c751e8b465ee728b)
Start importing Assets/Materials/Material.003.mat using Guid(21f411a1cb1afa040ac4af59d6fe09da) Importer(815301076,1909f56bfc062723c751e8b465ee728b)  -> (artifact id: 'd23beab832a4f9fae67b069f1edd7f29') in 0.240029 seconds 
========================================================================
Received Import Request.
  Time since last request: 0.000042 seconds.
  path: Assets/Materials/Material.009.mat
  artifactKey: Guid(62fee3f7226930143aa1688d4795b0de) Importer(815301076,1909f56bfc062723c751e8b465ee728b)
Start importing Assets/Materials/Material.009.mat using Guid(62fee3f7226930143aa1688d4795b0de) Importer(815301076,1909f56bfc062723c751e8b465ee728b)  -> (artifact id: 'd238dffe844c61e4b52952db591519a4') in 0.143370 seconds 
========================================================================
Received Import Request.
  Time since last request: 0.000037 seconds.
  path: Assets/Materials/Material.007.mat
  artifactKey: Guid(a3ba3f4cfc76b23429a5976b97cfa714) Importer(815301076,1909f56bfc062723c751e8b465ee728b)
Start importing Assets/Materials/Material.007.mat using Guid(a3ba3f4cfc76b23429a5976b97cfa714) Importer(815301076,1909f56bfc062723c751e8b465ee728b)  -> (artifact id: '9e9263003c5299784079169f3f1dc15f') in 0.520705 seconds 
========================================================================
Received Import Request.
  Time since last request: 0.000043 seconds.
  path: Assets/Materials/Material.017.mat
  artifactKey: Guid(346f356612bfdcd4081e84a963c8c566) Importer(815301076,1909f56bfc062723c751e8b465ee728b)
Start importing Assets/Materials/Material.017.mat using Guid(346f356612bfdcd4081e84a963c8c566) Importer(815301076,1909f56bfc062723c751e8b465ee728b)  -> (artifact id: '5de9ba8fa08ed9eb7f8ce5c395990172') in 0.152732 seconds 
========================================================================
Received Import Request.
  Time since last request: 0.000045 seconds.
  path: Assets/Materials/Material.014.mat
  artifactKey: Guid(685df7140dac0a84aaf728a5ab6af74e) Importer(815301076,1909f56bfc062723c751e8b465ee728b)
Start importing Assets/Materials/Material.014.mat using Guid(685df7140dac0a84aaf728a5ab6af74e) Importer(815301076,1909f56bfc062723c751e8b465ee728b)  -> (artifact id: '5a7f951baeb275a649712de44e4bb2f5') in 0.092252 seconds 
========================================================================
Received Import Request.
  Time since last request: 0.000056 seconds.
  path: Assets/Materials/Material.015.mat
  artifactKey: Guid(fd5cce5fe10d92a4ab0d7cada9222a37) Importer(815301076,1909f56bfc062723c751e8b465ee728b)
Start importing Assets/Materials/Material.015.mat using Guid(fd5cce5fe10d92a4ab0d7cada9222a37) Importer(815301076,1909f56bfc062723c751e8b465ee728b)  -> (artifact id: '2166efd71215d0e7fea2cd5c9195afd9') in 0.231261 seconds 
========================================================================
Received Import Request.
  Time since last request: 0.000087 seconds.
  path: Assets/Materials/Material.021.mat
  artifactKey: Guid(68987735fae9f1c4db57b0d1578081e2) Importer(815301076,1909f56bfc062723c751e8b465ee728b)
Start importing Assets/Materials/Material.021.mat using Guid(68987735fae9f1c4db57b0d1578081e2) Importer(815301076,1909f56bfc062723c751e8b465ee728b)  -> (artifact id: '40803767f678d97e0cb77ebcd2a703aa') in 0.103810 seconds 
========================================================================
Received Import Request.
  Time since last request: 0.000025 seconds.
  path: Assets/Materials/Material.022.mat
  artifactKey: Guid(8c7ab6a12734f0e479eb4d7bdeb6ca86) Importer(815301076,1909f56bfc062723c751e8b465ee728b)
Start importing Assets/Materials/Material.022.mat using Guid(8c7ab6a12734f0e479eb4d7bdeb6ca86) Importer(815301076,1909f56bfc062723c751e8b465ee728b)  -> (artifact id: 'f3df75a017e3010fd72802197fb5d270') in 0.295229 seconds 
========================================================================
Received Import Request.
  Time since last request: 0.000102 seconds.
  path: Assets/Materials/Material.029.mat
  artifactKey: Guid(313a2f30a5b01e747907ec6dfbab2ee6) Importer(815301076,1909f56bfc062723c751e8b465ee728b)
Start importing Assets/Materials/Material.029.mat using Guid(313a2f30a5b01e747907ec6dfbab2ee6) Importer(815301076,1909f56bfc062723c751e8b465ee728b)  -> (artifact id: '22e1c52a2fbde35f42b3fc0e5855bc7d') in 0.116076 seconds 
========================================================================
Received Import Request.
  Time since last request: 0.000044 seconds.
  path: Assets/Materials/Material.028.mat
  artifactKey: Guid(d5aadf32f7873834f96f038cb973fcd1) Importer(815301076,1909f56bfc062723c751e8b465ee728b)
Start importing Assets/Materials/Material.028.mat using Guid(d5aadf32f7873834f96f038cb973fcd1) Importer(815301076,1909f56bfc062723c751e8b465ee728b)  -> (artifact id: '58dfe630886fb9c90a17fbea0913d0fd') in 0.089238 seconds 
========================================================================
Received Import Request.
  Time since last request: 0.000087 seconds.
  path: Assets/materials 1/beard.mat
  artifactKey: Guid(71e51426407c79c4eaa39df26f8d3bb2) Importer(815301076,1909f56bfc062723c751e8b465ee728b)
Start importing Assets/materials 1/beard.mat using Guid(71e51426407c79c4eaa39df26f8d3bb2) Importer(815301076,1909f56bfc062723c751e8b465ee728b)  -> (artifact id: 'a2d46688e6673ab580dcf57d2865d599') in 0.353031 seconds 
========================================================================
Received Import Request.
  Time since last request: 0.000041 seconds.
  path: Assets/materials 1/eye.mat
  artifactKey: Guid(6c92dacf3a1447644b311a7a0446faed) Importer(815301076,1909f56bfc062723c751e8b465ee728b)
Start importing Assets/materials 1/eye.mat using Guid(6c92dacf3a1447644b311a7a0446faed) Importer(815301076,1909f56bfc062723c751e8b465ee728b)  -> (artifact id: 'e7f0c6f4394d04eda36d4a99538ab5ed') in 0.086787 seconds 
========================================================================
Received Import Request.
  Time since last request: 0.000054 seconds.
  path: Assets/materials 1/red te.mat
  artifactKey: Guid(589c883e3ab84c248bd3c437a691e11e) Importer(815301076,1909f56bfc062723c751e8b465ee728b)
Start importing Assets/materials 1/red te.mat using Guid(589c883e3ab84c248bd3c437a691e11e) Importer(815301076,1909f56bfc062723c751e8b465ee728b)  -> (artifact id: 'ef591dc8bd3144b095d59f617d1aab15') in 0.110940 seconds 
========================================================================
Received Import Request.
  Time since last request: 0.000041 seconds.
  path: Assets/materials 1/skin.mat
  artifactKey: Guid(1b9aa52436b3ef9479724d6b0ef252f5) Importer(815301076,1909f56bfc062723c751e8b465ee728b)
Start importing Assets/materials 1/skin.mat using Guid(1b9aa52436b3ef9479724d6b0ef252f5) Importer(815301076,1909f56bfc062723c751e8b465ee728b)  -> (artifact id: '27188b7e0986f32529c53bda12a9449b') in 0.092703 seconds 
========================================================================
Received Import Request.
  Time since last request: 0.000047 seconds.
  path: Assets/Materials/Material.013.mat
  artifactKey: Guid(ebdd37c6f075da64a8c9fb28d2148da4) Importer(815301076,1909f56bfc062723c751e8b465ee728b)
Start importing Assets/Materials/Material.013.mat using Guid(ebdd37c6f075da64a8c9fb28d2148da4) Importer(815301076,1909f56bfc062723c751e8b465ee728b)  -> (artifact id: '67cb9779a85261bf4a1734a4a436edf6') in 0.349139 seconds 
========================================================================
Received Import Request.
  Time since last request: 0.000201 seconds.
  path: Assets/Materials/Material.016.mat
  artifactKey: Guid(fdc9b9ae786e270498309c89754d279c) Importer(815301076,1909f56bfc062723c751e8b465ee728b)
Start importing Assets/Materials/Material.016.mat using Guid(fdc9b9ae786e270498309c89754d279c) Importer(815301076,1909f56bfc062723c751e8b465ee728b)  -> (artifact id: '88cd81b588fab2fbceb6ef2c3bd6f72c') in 0.099249 seconds 
========================================================================
Received Import Request.
  Time since last request: 0.000066 seconds.
  path: Assets/materials 1/top.mat
  artifactKey: Guid(87bb5683be27e734aa7730ed1965d5d8) Importer(815301076,1909f56bfc062723c751e8b465ee728b)
Start importing Assets/materials 1/top.mat using Guid(87bb5683be27e734aa7730ed1965d5d8) Importer(815301076,1909f56bfc062723c751e8b465ee728b)  -> (artifact id: 'e8dd20f188fe061b33d51c0eb5380f7f') in 0.092151 seconds 
========================================================================
Received Import Request.
  Time since last request: 0.000035 seconds.
  path: Assets/Materials/Material.011.mat
  artifactKey: Guid(d4b3b510f3366b0439175f6e9d321af3) Importer(815301076,1909f56bfc062723c751e8b465ee728b)
Start importing Assets/Materials/Material.011.mat using Guid(d4b3b510f3366b0439175f6e9d321af3) Importer(815301076,1909f56bfc062723c751e8b465ee728b)  -> (artifact id: '07c6ea0243f6e7a6abfacf4fbc3a6076') in 0.120479 seconds 
========================================================================
Received Import Request.
  Time since last request: 0.000025 seconds.
  path: Assets/Materials/Material.008.mat
  artifactKey: Guid(acca6de39afe6f94f8a518bb77c1b1ed) Importer(815301076,1909f56bfc062723c751e8b465ee728b)
Start importing Assets/Materials/Material.008.mat using Guid(acca6de39afe6f94f8a518bb77c1b1ed) Importer(815301076,1909f56bfc062723c751e8b465ee728b)  -> (artifact id: '0ae9111ac0012cb2543d0fc3052a0fa2') in 0.094791 seconds 
========================================================================
Received Import Request.
  Time since last request: 0.000043 seconds.
  path: Assets/Materials/Material.005.mat
  artifactKey: Guid(9ac7dd3a8e0ccc944932860965e80386) Importer(815301076,1909f56bfc062723c751e8b465ee728b)
Start importing Assets/Materials/Material.005.mat using Guid(9ac7dd3a8e0ccc944932860965e80386) Importer(815301076,1909f56bfc062723c751e8b465ee728b)  -> (artifact id: '9331a20d2fdf64b7a957e2924f88b469') in 0.071984 seconds 
========================================================================
Received Import Request.
  Time since last request: 6.213834 seconds.
  path: Assets/Prfabs/PakistanPlayer.fbx
  artifactKey: Guid(00fae7389089bb64fb05fbdfdecf2c55) Importer(815301076,1909f56bfc062723c751e8b465ee728b)
Start importing Assets/Prfabs/PakistanPlayer.fbx using Guid(00fae7389089bb64fb05fbdfdecf2c55) Importer(815301076,1909f56bfc062723c751e8b465ee728b)  -> (artifact id: '944843b734dd08f2785ab4a680813b30') in 0.272787 seconds 
========================================================================
Received Import Request.
  Time since last request: 0.000043 seconds.
  path: Assets/Prfabs/Player 1.prefab
  artifactKey: Guid(68f7fcc5cfb6f31498f1fee4c6b80a2c) Importer(815301076,1909f56bfc062723c751e8b465ee728b)
Start importing Assets/Prfabs/Player 1.prefab using Guid(68f7fcc5cfb6f31498f1fee4c6b80a2c) Importer(815301076,1909f56bfc062723c751e8b465ee728b)  -> (artifact id: '3220d2e7d172a428a6519b8d5f6173a2') in 0.287775 seconds 
========================================================================
Received Import Request.
  Time since last request: 0.000085 seconds.
  path: Assets/Prfabs/Plane.prefab
  artifactKey: Guid(88bb20ac2f7b3f948b21142269a0a193) Importer(815301076,1909f56bfc062723c751e8b465ee728b)
Start importing Assets/Prfabs/Plane.prefab using Guid(88bb20ac2f7b3f948b21142269a0a193) Importer(815301076,1909f56bfc062723c751e8b465ee728b)  -> (artifact id: '77f368c76467d303df61cbd84bd7ccd2') in 0.131394 seconds 
========================================================================
Received Import Request.
  Time since last request: 2.142984 seconds.
  path: Assets/Prfabs/Player 2.prefab
  artifactKey: Guid(6a06710b4254e1445bdb2c3b3d90141e) Importer(815301076,1909f56bfc062723c751e8b465ee728b)
Start importing Assets/Prfabs/Player 2.prefab using Guid(6a06710b4254e1445bdb2c3b3d90141e) Importer(815301076,1909f56bfc062723c751e8b465ee728b)  -> (artifact id: '24c90ab693788bd5f4df167815258c3a') in 0.797561 seconds 
========================================================================
Received Import Request.
  Time since last request: 14.141415 seconds.
  path: Assets/Scripts/EnemyAI.cs
  artifactKey: Guid(fff73819b84b8cf4a9149ff92862d4cf) Importer(815301076,1909f56bfc062723c751e8b465ee728b)
Start importing Assets/Scripts/EnemyAI.cs using Guid(fff73819b84b8cf4a9149ff92862d4cf) Importer(815301076,1909f56bfc062723c751e8b465ee728b)  -> (artifact id: '01d88636e739aac2f7736f6c5acb9f82') in 0.101575 seconds 
========================================================================
Received Import Request.
  Time since last request: 918.540633 seconds.
  path: Assets/Prfabs/Player 2.controller
  artifactKey: Guid(6adb8841d632bb44ab96e8233082ab6a) Importer(815301076,1909f56bfc062723c751e8b465ee728b)
Start importing Assets/Prfabs/Player 2.controller using Guid(6adb8841d632bb44ab96e8233082ab6a) Importer(815301076,1909f56bfc062723c751e8b465ee728b)  -> (artifact id: 'bce745d811780adbcec526a35e4586f5') in 0.119025 seconds 
========================================================================
Received Import Request.
  Time since last request: 4.875866 seconds.
  path: Assets/Prfabs/Player 1.controller
  artifactKey: Guid(efeedacdf448a54429ebc45da239c817) Importer(815301076,1909f56bfc062723c751e8b465ee728b)
Start importing Assets/Prfabs/Player 1.controller using Guid(efeedacdf448a54429ebc45da239c817) Importer(815301076,1909f56bfc062723c751e8b465ee728b)  -> (artifact id: 'd10357f22b0de816ced65ad1a8dd81f3') in 0.009632 seconds 
========================================================================
Received Prepare
Registering precompiled user dll's ...
Registered in 0.004885 seconds.
Begin MonoManager ReloadAssembly
Symbol file LoadedFromMemory doesn't match image E:\FYP_GAME\Casual Kabaddi B\Library\PackageCache\com.unity.visualscripting@1.8.0\Editor\VisualScripting.Core\Dependencies\YamlDotNet\Unity.VisualScripting.YamlDotNet.dll
Symbol file LoadedFromMemory doesn't match image E:\FYP_GAME\Casual Kabaddi B\Library\PackageCache\com.unity.visualscripting@1.8.0\Editor\VisualScripting.Core\Dependencies\DotNetZip\Unity.VisualScripting.IonicZip.dll
Native extension for WindowsStandalone target not found
Native extension for Android target not found
Native extension for WebGL target not found
Refreshing native plugins compatible for Editor in 0.81 ms, found 5 plugins.
Preloading 0 native plugins for Editor in 0.00 ms.
Mono: successfully reloaded assembly
- Completed reload, in  1.823 seconds
Domain Reload Profiling:
	ReloadAssembly (1824ms)
		BeginReloadAssembly (254ms)
			ExecutionOrderSort (0ms)
			DisableScriptedObjects (8ms)
			BackupInstance (0ms)
			ReleaseScriptingObjects (0ms)
			CreateAndSetChildDomain (68ms)
		EndReloadAssembly (1448ms)
			LoadAssemblies (149ms)
			RebuildTransferFunctionScriptingTraits (0ms)
			SetupTypeCache (632ms)
			ReleaseScriptCaches (2ms)
			RebuildScriptCaches (63ms)
			SetupLoadedEditorAssemblies (580ms)
				LogAssemblyErrors (0ms)
				InitializePlatformSupportModulesInManaged (29ms)
				SetLoadedEditorAssemblies (1ms)
				RefreshPlugins (1ms)
				BeforeProcessingInitializeOnLoad (86ms)
				ProcessInitializeOnLoadAttributes (328ms)
				ProcessInitializeOnLoadMethodAttributes (82ms)
				AfterProcessingInitializeOnLoad (54ms)
				EditorAssembliesLoaded (0ms)
			ExecutionOrderSort2 (0ms)
			AwakeInstancesAfterBackupRestoration (11ms)
Platform modules already initialized, skipping
Refreshing native plugins compatible for Editor in 2.02 ms, found 5 plugins.
Preloading 0 native plugins for Editor in 0.00 ms.
Unloading 3389 Unused Serialized files (Serialized files now loaded: 0)
Unloading 21 unused Assets / (153.1 KB). Loaded Objects now: 3935.
Memory consumption went from 137.8 MB to 137.6 MB.
Total: 34.751100 ms (FindLiveObjects: 0.323100 ms CreateObjectMapping: 0.279500 ms MarkObjects: 20.550500 ms  DeleteObjects: 13.596200 ms)

AssetImportParameters requested are different than current active one (requested -> active):
  custom:video-decoder-ogg-theora: a1e56fd34408186e4bbccfd4996cb3dc -> 
  custom:container-muxer-webm: aa71ff27fc2769a1b78a27578f13a17b -> 
  custom:container-demuxer-webm: 4f35f7cbe854078d1ac9338744f61a02 -> 
  custom:video-encoder-webm-vp8: eb34c28f22e8b96e1ab97ce403110664 -> 
  custom:audio-encoder-webm-vorbis: bf7c407c2cedff20999df2af8eb42d56 -> 
  custom:framework-win-MediaFoundation: 216162199b28c13a410421893ffa2e32 -> 
  custom:container-demuxer-ogg: 62fdf1f143b41e24485cea50d1cbac27 -> 
  custom:video-decoder-webm-vp8: 9c59270c3fd7afecdb556c50c9e8de78 -> 
  custom:audio-decoder-ogg-vorbis: bf7c407c2cedff20999df2af8eb42d56 -> 
========================================================================
Received Prepare
Registering precompiled user dll's ...
Registered in 0.004165 seconds.
Begin MonoManager ReloadAssembly
Symbol file LoadedFromMemory doesn't match image E:\FYP_GAME\Casual Kabaddi B\Library\PackageCache\com.unity.visualscripting@1.8.0\Editor\VisualScripting.Core\Dependencies\YamlDotNet\Unity.VisualScripting.YamlDotNet.dll
Symbol file LoadedFromMemory doesn't match image E:\FYP_GAME\Casual Kabaddi B\Library\PackageCache\com.unity.visualscripting@1.8.0\Editor\VisualScripting.Core\Dependencies\DotNetZip\Unity.VisualScripting.IonicZip.dll
Native extension for WindowsStandalone target not found
Native extension for Android target not found
Native extension for WebGL target not found
Refreshing native plugins compatible for Editor in 0.67 ms, found 5 plugins.
Preloading 0 native plugins for Editor in 0.00 ms.
Mono: successfully reloaded assembly
- Completed reload, in  1.279 seconds
Domain Reload Profiling:
	ReloadAssembly (1280ms)
		BeginReloadAssembly (182ms)
			ExecutionOrderSort (0ms)
			DisableScriptedObjects (5ms)
			BackupInstance (0ms)
			ReleaseScriptingObjects (0ms)
			CreateAndSetChildDomain (48ms)
		EndReloadAssembly (970ms)
			LoadAssemblies (121ms)
			RebuildTransferFunctionScriptingTraits (0ms)
			SetupTypeCache (353ms)
			ReleaseScriptCaches (2ms)
			RebuildScriptCaches (60ms)
			SetupLoadedEditorAssemblies (380ms)
				LogAssemblyErrors (0ms)
				InitializePlatformSupportModulesInManaged (23ms)
				SetLoadedEditorAssemblies (1ms)
				RefreshPlugins (1ms)
				BeforeProcessingInitializeOnLoad (79ms)
				ProcessInitializeOnLoadAttributes (244ms)
				ProcessInitializeOnLoadMethodAttributes (21ms)
				AfterProcessingInitializeOnLoad (10ms)
				EditorAssembliesLoaded (0ms)
			ExecutionOrderSort2 (0ms)
			AwakeInstancesAfterBackupRestoration (11ms)
Platform modules already initialized, skipping
Refreshing native plugins compatible for Editor in 1.88 ms, found 5 plugins.
Preloading 0 native plugins for Editor in 0.00 ms.
Unloading 3389 Unused Serialized files (Serialized files now loaded: 0)
Unloading 21 unused Assets / (153.1 KB). Loaded Objects now: 3950.
Memory consumption went from 137.8 MB to 137.7 MB.
Total: 3.390400 ms (FindLiveObjects: 0.290200 ms CreateObjectMapping: 0.197100 ms MarkObjects: 2.789000 ms  DeleteObjects: 0.113300 ms)

AssetImportParameters requested are different than current active one (requested -> active):
  custom:video-decoder-ogg-theora: a1e56fd34408186e4bbccfd4996cb3dc -> 
  custom:container-muxer-webm: aa71ff27fc2769a1b78a27578f13a17b -> 
  custom:container-demuxer-webm: 4f35f7cbe854078d1ac9338744f61a02 -> 
  custom:video-encoder-webm-vp8: eb34c28f22e8b96e1ab97ce403110664 -> 
  custom:audio-encoder-webm-vorbis: bf7c407c2cedff20999df2af8eb42d56 -> 
  custom:framework-win-MediaFoundation: 216162199b28c13a410421893ffa2e32 -> 
  custom:container-demuxer-ogg: 62fdf1f143b41e24485cea50d1cbac27 -> 
  custom:video-decoder-webm-vp8: 9c59270c3fd7afecdb556c50c9e8de78 -> 
  custom:audio-decoder-ogg-vorbis: bf7c407c2cedff20999df2af8eb42d56 -> 
========================================================================
Received Prepare
Registering precompiled user dll's ...
Registered in 0.004856 seconds.
Begin MonoManager ReloadAssembly
Symbol file LoadedFromMemory doesn't match image E:\FYP_GAME\Casual Kabaddi B\Library\PackageCache\com.unity.visualscripting@1.8.0\Editor\VisualScripting.Core\Dependencies\YamlDotNet\Unity.VisualScripting.YamlDotNet.dll
Symbol file LoadedFromMemory doesn't match image E:\FYP_GAME\Casual Kabaddi B\Library\PackageCache\com.unity.visualscripting@1.8.0\Editor\VisualScripting.Core\Dependencies\DotNetZip\Unity.VisualScripting.IonicZip.dll
Native extension for WindowsStandalone target not found
Native extension for Android target not found
Native extension for WebGL target not found
Refreshing native plugins compatible for Editor in 0.71 ms, found 5 plugins.
Preloading 0 native plugins for Editor in 0.00 ms.
Mono: successfully reloaded assembly
- Completed reload, in  1.457 seconds
Domain Reload Profiling:
	ReloadAssembly (1458ms)
		BeginReloadAssembly (239ms)
			ExecutionOrderSort (0ms)
			DisableScriptedObjects (7ms)
			BackupInstance (0ms)
			ReleaseScriptingObjects (0ms)
			CreateAndSetChildDomain (51ms)
		EndReloadAssembly (1056ms)
			LoadAssemblies (223ms)
			RebuildTransferFunctionScriptingTraits (0ms)
			SetupTypeCache (393ms)
			ReleaseScriptCaches (1ms)
			RebuildScriptCaches (62ms)
			SetupLoadedEditorAssemblies (385ms)
				LogAssemblyErrors (0ms)
				InitializePlatformSupportModulesInManaged (24ms)
				SetLoadedEditorAssemblies (0ms)
				RefreshPlugins (1ms)
				BeforeProcessingInitializeOnLoad (78ms)
				ProcessInitializeOnLoadAttributes (250ms)
				ProcessInitializeOnLoadMethodAttributes (21ms)
				AfterProcessingInitializeOnLoad (10ms)
				EditorAssembliesLoaded (0ms)
			ExecutionOrderSort2 (0ms)
			AwakeInstancesAfterBackupRestoration (10ms)
Platform modules already initialized, skipping
Refreshing native plugins compatible for Editor in 3.92 ms, found 5 plugins.
Preloading 0 native plugins for Editor in 0.00 ms.
Unloading 3389 Unused Serialized files (Serialized files now loaded: 0)
Unloading 21 unused Assets / (153.0 KB). Loaded Objects now: 3965.
Memory consumption went from 137.8 MB to 137.7 MB.
Total: 3.567300 ms (FindLiveObjects: 0.479100 ms CreateObjectMapping: 0.450500 ms MarkObjects: 2.529600 ms  DeleteObjects: 0.107300 ms)

AssetImportParameters requested are different than current active one (requested -> active):
  custom:video-decoder-ogg-theora: a1e56fd34408186e4bbccfd4996cb3dc -> 
  custom:container-muxer-webm: aa71ff27fc2769a1b78a27578f13a17b -> 
  custom:container-demuxer-webm: 4f35f7cbe854078d1ac9338744f61a02 -> 
  custom:video-encoder-webm-vp8: eb34c28f22e8b96e1ab97ce403110664 -> 
  custom:audio-encoder-webm-vorbis: bf7c407c2cedff20999df2af8eb42d56 -> 
  custom:framework-win-MediaFoundation: 216162199b28c13a410421893ffa2e32 -> 
  custom:container-demuxer-ogg: 62fdf1f143b41e24485cea50d1cbac27 -> 
  custom:video-decoder-webm-vp8: 9c59270c3fd7afecdb556c50c9e8de78 -> 
  custom:audio-decoder-ogg-vorbis: bf7c407c2cedff20999df2af8eb42d56 -> 
========================================================================
Received Prepare
Registering precompiled user dll's ...
Registered in 0.004271 seconds.
Begin MonoManager ReloadAssembly
Symbol file LoadedFromMemory doesn't match image E:\FYP_GAME\Casual Kabaddi B\Library\PackageCache\com.unity.visualscripting@1.8.0\Editor\VisualScripting.Core\Dependencies\YamlDotNet\Unity.VisualScripting.YamlDotNet.dll
Symbol file LoadedFromMemory doesn't match image E:\FYP_GAME\Casual Kabaddi B\Library\PackageCache\com.unity.visualscripting@1.8.0\Editor\VisualScripting.Core\Dependencies\DotNetZip\Unity.VisualScripting.IonicZip.dll
Native extension for WindowsStandalone target not found
Native extension for Android target not found
Native extension for WebGL target not found
Refreshing native plugins compatible for Editor in 0.61 ms, found 5 plugins.
Preloading 0 native plugins for Editor in 0.00 ms.
Mono: successfully reloaded assembly
- Completed reload, in  3.575 seconds
Domain Reload Profiling:
	ReloadAssembly (3577ms)
		BeginReloadAssembly (222ms)
			ExecutionOrderSort (0ms)
			DisableScriptedObjects (5ms)
			BackupInstance (0ms)
			ReleaseScriptingObjects (0ms)
			CreateAndSetChildDomain (48ms)
		EndReloadAssembly (3191ms)
			LoadAssemblies (157ms)
			RebuildTransferFunctionScriptingTraits (0ms)
			SetupTypeCache (698ms)
			ReleaseScriptCaches (9ms)
			RebuildScriptCaches (639ms)
			SetupLoadedEditorAssemblies (714ms)
				LogAssemblyErrors (0ms)
				InitializePlatformSupportModulesInManaged (50ms)
				SetLoadedEditorAssemblies (0ms)
				RefreshPlugins (1ms)
				BeforeProcessingInitializeOnLoad (82ms)
				ProcessInitializeOnLoadAttributes (276ms)
				ProcessInitializeOnLoadMethodAttributes (201ms)
				AfterProcessingInitializeOnLoad (101ms)
				EditorAssembliesLoaded (3ms)
			ExecutionOrderSort2 (0ms)
			AwakeInstancesAfterBackupRestoration (104ms)
Platform modules already initialized, skipping
Refreshing native plugins compatible for Editor in 6.53 ms, found 5 plugins.
Preloading 0 native plugins for Editor in 0.00 ms.
Unloading 3389 Unused Serialized files (Serialized files now loaded: 0)
Unloading 21 unused Assets / (153.0 KB). Loaded Objects now: 3980.
Memory consumption went from 137.9 MB to 137.7 MB.
Total: 3.163700 ms (FindLiveObjects: 0.315100 ms CreateObjectMapping: 0.250100 ms MarkObjects: 2.484500 ms  DeleteObjects: 0.113200 ms)

AssetImportParameters requested are different than current active one (requested -> active):
  custom:video-decoder-ogg-theora: a1e56fd34408186e4bbccfd4996cb3dc -> 
  custom:container-muxer-webm: aa71ff27fc2769a1b78a27578f13a17b -> 
  custom:container-demuxer-webm: 4f35f7cbe854078d1ac9338744f61a02 -> 
  custom:video-encoder-webm-vp8: eb34c28f22e8b96e1ab97ce403110664 -> 
  custom:audio-encoder-webm-vorbis: bf7c407c2cedff20999df2af8eb42d56 -> 
  custom:framework-win-MediaFoundation: 216162199b28c13a410421893ffa2e32 -> 
  custom:container-demuxer-ogg: 62fdf1f143b41e24485cea50d1cbac27 -> 
  custom:video-decoder-webm-vp8: 9c59270c3fd7afecdb556c50c9e8de78 -> 
  custom:audio-decoder-ogg-vorbis: bf7c407c2cedff20999df2af8eb42d56 -> 
========================================================================
Received Prepare
Registering precompiled user dll's ...
Registered in 0.004508 seconds.
Begin MonoManager ReloadAssembly
Symbol file LoadedFromMemory doesn't match image E:\FYP_GAME\Casual Kabaddi B\Library\PackageCache\com.unity.visualscripting@1.8.0\Editor\VisualScripting.Core\Dependencies\YamlDotNet\Unity.VisualScripting.YamlDotNet.dll
Symbol file LoadedFromMemory doesn't match image E:\FYP_GAME\Casual Kabaddi B\Library\PackageCache\com.unity.visualscripting@1.8.0\Editor\VisualScripting.Core\Dependencies\DotNetZip\Unity.VisualScripting.IonicZip.dll
Native extension for WindowsStandalone target not found
Native extension for Android target not found
Native extension for WebGL target not found
Refreshing native plugins compatible for Editor in 0.64 ms, found 5 plugins.
Preloading 0 native plugins for Editor in 0.00 ms.
Mono: successfully reloaded assembly
- Completed reload, in  1.426 seconds
Domain Reload Profiling:
	ReloadAssembly (1427ms)
		BeginReloadAssembly (205ms)
			ExecutionOrderSort (0ms)
			DisableScriptedObjects (5ms)
			BackupInstance (0ms)
			ReleaseScriptingObjects (0ms)
			CreateAndSetChildDomain (48ms)
		EndReloadAssembly (1065ms)
			LoadAssemblies (158ms)
			RebuildTransferFunctionScriptingTraits (0ms)
			SetupTypeCache (427ms)
			ReleaseScriptCaches (1ms)
			RebuildScriptCaches (70ms)
			SetupLoadedEditorAssemblies (383ms)
				LogAssemblyErrors (0ms)
				InitializePlatformSupportModulesInManaged (25ms)
				SetLoadedEditorAssemblies (0ms)
				RefreshPlugins (1ms)
				BeforeProcessingInitializeOnLoad (79ms)
				ProcessInitializeOnLoadAttributes (246ms)
				ProcessInitializeOnLoadMethodAttributes (21ms)
				AfterProcessingInitializeOnLoad (11ms)
				EditorAssembliesLoaded (0ms)
			ExecutionOrderSort2 (0ms)
			AwakeInstancesAfterBackupRestoration (11ms)
Platform modules already initialized, skipping
Refreshing native plugins compatible for Editor in 1.94 ms, found 5 plugins.
Preloading 0 native plugins for Editor in 0.00 ms.
Unloading 3389 Unused Serialized files (Serialized files now loaded: 0)
Unloading 21 unused Assets / (153.1 KB). Loaded Objects now: 3995.
Memory consumption went from 137.9 MB to 137.7 MB.
Total: 3.761100 ms (FindLiveObjects: 0.315300 ms CreateObjectMapping: 0.176600 ms MarkObjects: 3.110800 ms  DeleteObjects: 0.155600 ms)

AssetImportParameters requested are different than current active one (requested -> active):
  custom:video-decoder-ogg-theora: a1e56fd34408186e4bbccfd4996cb3dc -> 
  custom:container-muxer-webm: aa71ff27fc2769a1b78a27578f13a17b -> 
  custom:container-demuxer-webm: 4f35f7cbe854078d1ac9338744f61a02 -> 
  custom:video-encoder-webm-vp8: eb34c28f22e8b96e1ab97ce403110664 -> 
  custom:audio-encoder-webm-vorbis: bf7c407c2cedff20999df2af8eb42d56 -> 
  custom:framework-win-MediaFoundation: 216162199b28c13a410421893ffa2e32 -> 
  custom:container-demuxer-ogg: 62fdf1f143b41e24485cea50d1cbac27 -> 
  custom:video-decoder-webm-vp8: 9c59270c3fd7afecdb556c50c9e8de78 -> 
  custom:audio-decoder-ogg-vorbis: bf7c407c2cedff20999df2af8eb42d56 -> 
========================================================================
Received Prepare
Registering precompiled user dll's ...
Registered in 0.005851 seconds.
Begin MonoManager ReloadAssembly
Symbol file LoadedFromMemory doesn't match image E:\FYP_GAME\Casual Kabaddi B\Library\PackageCache\com.unity.visualscripting@1.8.0\Editor\VisualScripting.Core\Dependencies\YamlDotNet\Unity.VisualScripting.YamlDotNet.dll
Symbol file LoadedFromMemory doesn't match image E:\FYP_GAME\Casual Kabaddi B\Library\PackageCache\com.unity.visualscripting@1.8.0\Editor\VisualScripting.Core\Dependencies\DotNetZip\Unity.VisualScripting.IonicZip.dll
Native extension for WindowsStandalone target not found
Native extension for Android target not found
Native extension for WebGL target not found
Refreshing native plugins compatible for Editor in 2.52 ms, found 5 plugins.
Preloading 0 native plugins for Editor in 0.00 ms.
Mono: successfully reloaded assembly
- Completed reload, in  7.085 seconds
Domain Reload Profiling:
	ReloadAssembly (7088ms)
		BeginReloadAssembly (243ms)
			ExecutionOrderSort (0ms)
			DisableScriptedObjects (8ms)
			BackupInstance (0ms)
			ReleaseScriptingObjects (0ms)
			CreateAndSetChildDomain (45ms)
		EndReloadAssembly (6694ms)
			LoadAssemblies (196ms)
			RebuildTransferFunctionScriptingTraits (0ms)
			SetupTypeCache (1019ms)
			ReleaseScriptCaches (7ms)
			RebuildScriptCaches (766ms)
			SetupLoadedEditorAssemblies (3745ms)
				LogAssemblyErrors (0ms)
				InitializePlatformSupportModulesInManaged (190ms)
				SetLoadedEditorAssemblies (4ms)
				RefreshPlugins (3ms)
				BeforeProcessingInitializeOnLoad (523ms)
				ProcessInitializeOnLoadAttributes (2508ms)
				ProcessInitializeOnLoadMethodAttributes (411ms)
				AfterProcessingInitializeOnLoad (107ms)
				EditorAssembliesLoaded (0ms)
			ExecutionOrderSort2 (0ms)
			AwakeInstancesAfterBackupRestoration (79ms)
Platform modules already initialized, skipping
Refreshing native plugins compatible for Editor in 17.23 ms, found 5 plugins.
Preloading 0 native plugins for Editor in 0.00 ms.
Unloading 3389 Unused Serialized files (Serialized files now loaded: 0)
Unloading 21 unused Assets / (153.3 KB). Loaded Objects now: 4010.
Memory consumption went from 137.9 MB to 137.7 MB.
Total: 32.810300 ms (FindLiveObjects: 3.311500 ms CreateObjectMapping: 1.657400 ms MarkObjects: 27.195800 ms  DeleteObjects: 0.639900 ms)

AssetImportParameters requested are different than current active one (requested -> active):
  custom:video-decoder-ogg-theora: a1e56fd34408186e4bbccfd4996cb3dc -> 
  custom:container-muxer-webm: aa71ff27fc2769a1b78a27578f13a17b -> 
  custom:container-demuxer-webm: 4f35f7cbe854078d1ac9338744f61a02 -> 
  custom:video-encoder-webm-vp8: eb34c28f22e8b96e1ab97ce403110664 -> 
  custom:audio-encoder-webm-vorbis: bf7c407c2cedff20999df2af8eb42d56 -> 
  custom:framework-win-MediaFoundation: 216162199b28c13a410421893ffa2e32 -> 
  custom:container-demuxer-ogg: 62fdf1f143b41e24485cea50d1cbac27 -> 
  custom:video-decoder-webm-vp8: 9c59270c3fd7afecdb556c50c9e8de78 -> 
  custom:audio-decoder-ogg-vorbis: bf7c407c2cedff20999df2af8eb42d56 -> 
========================================================================
Received Prepare
Registering precompiled user dll's ...
Registered in 0.004719 seconds.
Begin MonoManager ReloadAssembly
Symbol file LoadedFromMemory doesn't match image E:\FYP_GAME\Casual Kabaddi B\Library\PackageCache\com.unity.visualscripting@1.8.0\Editor\VisualScripting.Core\Dependencies\YamlDotNet\Unity.VisualScripting.YamlDotNet.dll
Symbol file LoadedFromMemory doesn't match image E:\FYP_GAME\Casual Kabaddi B\Library\PackageCache\com.unity.visualscripting@1.8.0\Editor\VisualScripting.Core\Dependencies\DotNetZip\Unity.VisualScripting.IonicZip.dll
Native extension for WindowsStandalone target not found
Native extension for Android target not found
Native extension for WebGL target not found
Refreshing native plugins compatible for Editor in 0.63 ms, found 5 plugins.
Preloading 0 native plugins for Editor in 0.00 ms.
Mono: successfully reloaded assembly
- Completed reload, in  1.570 seconds
Domain Reload Profiling:
	ReloadAssembly (1571ms)
		BeginReloadAssembly (297ms)
			ExecutionOrderSort (0ms)
			DisableScriptedObjects (6ms)
			BackupInstance (0ms)
			ReleaseScriptingObjects (0ms)
			CreateAndSetChildDomain (47ms)
		EndReloadAssembly (1056ms)
			LoadAssemblies (305ms)
			RebuildTransferFunctionScriptingTraits (0ms)
			SetupTypeCache (363ms)
			ReleaseScriptCaches (2ms)
			RebuildScriptCaches (63ms)
			SetupLoadedEditorAssemblies (394ms)
				LogAssemblyErrors (0ms)
				InitializePlatformSupportModulesInManaged (25ms)
				SetLoadedEditorAssemblies (1ms)
				RefreshPlugins (1ms)
				BeforeProcessingInitializeOnLoad (82ms)
				ProcessInitializeOnLoadAttributes (253ms)
				ProcessInitializeOnLoadMethodAttributes (22ms)
				AfterProcessingInitializeOnLoad (10ms)
				EditorAssembliesLoaded (0ms)
			ExecutionOrderSort2 (0ms)
			AwakeInstancesAfterBackupRestoration (10ms)
Platform modules already initialized, skipping
Refreshing native plugins compatible for Editor in 1.93 ms, found 5 plugins.
Preloading 0 native plugins for Editor in 0.00 ms.
Unloading 3389 Unused Serialized files (Serialized files now loaded: 0)
Unloading 21 unused Assets / (153.1 KB). Loaded Objects now: 4025.
Memory consumption went from 137.9 MB to 137.8 MB.
Total: 3.265400 ms (FindLiveObjects: 0.291400 ms CreateObjectMapping: 0.202100 ms MarkObjects: 2.661900 ms  DeleteObjects: 0.109000 ms)

AssetImportParameters requested are different than current active one (requested -> active):
  custom:video-decoder-ogg-theora: a1e56fd34408186e4bbccfd4996cb3dc -> 
  custom:container-muxer-webm: aa71ff27fc2769a1b78a27578f13a17b -> 
  custom:container-demuxer-webm: 4f35f7cbe854078d1ac9338744f61a02 -> 
  custom:video-encoder-webm-vp8: eb34c28f22e8b96e1ab97ce403110664 -> 
  custom:audio-encoder-webm-vorbis: bf7c407c2cedff20999df2af8eb42d56 -> 
  custom:framework-win-MediaFoundation: 216162199b28c13a410421893ffa2e32 -> 
  custom:container-demuxer-ogg: 62fdf1f143b41e24485cea50d1cbac27 -> 
  custom:video-decoder-webm-vp8: 9c59270c3fd7afecdb556c50c9e8de78 -> 
  custom:audio-decoder-ogg-vorbis: bf7c407c2cedff20999df2af8eb42d56 -> 
========================================================================
Received Prepare
Registering precompiled user dll's ...
Registered in 0.004285 seconds.
Begin MonoManager ReloadAssembly
Symbol file LoadedFromMemory doesn't match image E:\FYP_GAME\Casual Kabaddi B\Library\PackageCache\com.unity.visualscripting@1.8.0\Editor\VisualScripting.Core\Dependencies\YamlDotNet\Unity.VisualScripting.YamlDotNet.dll
Symbol file LoadedFromMemory doesn't match image E:\FYP_GAME\Casual Kabaddi B\Library\PackageCache\com.unity.visualscripting@1.8.0\Editor\VisualScripting.Core\Dependencies\DotNetZip\Unity.VisualScripting.IonicZip.dll
Native extension for WindowsStandalone target not found
Native extension for Android target not found
Native extension for WebGL target not found
Refreshing native plugins compatible for Editor in 4.88 ms, found 5 plugins.
Preloading 0 native plugins for Editor in 0.00 ms.
Mono: successfully reloaded assembly
- Completed reload, in  6.750 seconds
Domain Reload Profiling:
	ReloadAssembly (6752ms)
		BeginReloadAssembly (234ms)
			ExecutionOrderSort (0ms)
			DisableScriptedObjects (9ms)
			BackupInstance (0ms)
			ReleaseScriptingObjects (0ms)
			CreateAndSetChildDomain (59ms)
		EndReloadAssembly (6373ms)
			LoadAssemblies (154ms)
			RebuildTransferFunctionScriptingTraits (0ms)
			SetupTypeCache (807ms)
			ReleaseScriptCaches (12ms)
			RebuildScriptCaches (807ms)
			SetupLoadedEditorAssemblies (3600ms)
				LogAssemblyErrors (0ms)
				InitializePlatformSupportModulesInManaged (227ms)
				SetLoadedEditorAssemblies (5ms)
				RefreshPlugins (5ms)
				BeforeProcessingInitializeOnLoad (513ms)
				ProcessInitializeOnLoadAttributes (2472ms)
				ProcessInitializeOnLoadMethodAttributes (227ms)
				AfterProcessingInitializeOnLoad (150ms)
				EditorAssembliesLoaded (0ms)
			ExecutionOrderSort2 (0ms)
			AwakeInstancesAfterBackupRestoration (81ms)
Platform modules already initialized, skipping
Refreshing native plugins compatible for Editor in 2.85 ms, found 5 plugins.
Preloading 0 native plugins for Editor in 0.00 ms.
Unloading 3389 Unused Serialized files (Serialized files now loaded: 0)
Unloading 21 unused Assets / (153.0 KB). Loaded Objects now: 4040.
Memory consumption went from 137.9 MB to 137.8 MB.
Total: 3.287900 ms (FindLiveObjects: 0.317200 ms CreateObjectMapping: 0.212000 ms MarkObjects: 2.645200 ms  DeleteObjects: 0.112800 ms)

AssetImportParameters requested are different than current active one (requested -> active):
  custom:video-decoder-ogg-theora: a1e56fd34408186e4bbccfd4996cb3dc -> 
  custom:container-muxer-webm: aa71ff27fc2769a1b78a27578f13a17b -> 
  custom:container-demuxer-webm: 4f35f7cbe854078d1ac9338744f61a02 -> 
  custom:video-encoder-webm-vp8: eb34c28f22e8b96e1ab97ce403110664 -> 
  custom:audio-encoder-webm-vorbis: bf7c407c2cedff20999df2af8eb42d56 -> 
  custom:framework-win-MediaFoundation: 216162199b28c13a410421893ffa2e32 -> 
  custom:container-demuxer-ogg: 62fdf1f143b41e24485cea50d1cbac27 -> 
  custom:video-decoder-webm-vp8: 9c59270c3fd7afecdb556c50c9e8de78 -> 
  custom:audio-decoder-ogg-vorbis: bf7c407c2cedff20999df2af8eb42d56 -> 
========================================================================
Received Prepare
Registering precompiled user dll's ...
Registered in 0.004705 seconds.
Begin MonoManager ReloadAssembly
Symbol file LoadedFromMemory doesn't match image E:\FYP_GAME\Casual Kabaddi B\Library\PackageCache\com.unity.visualscripting@1.8.0\Editor\VisualScripting.Core\Dependencies\YamlDotNet\Unity.VisualScripting.YamlDotNet.dll
Symbol file LoadedFromMemory doesn't match image E:\FYP_GAME\Casual Kabaddi B\Library\PackageCache\com.unity.visualscripting@1.8.0\Editor\VisualScripting.Core\Dependencies\DotNetZip\Unity.VisualScripting.IonicZip.dll
Native extension for WindowsStandalone target not found
Native extension for Android target not found
Native extension for WebGL target not found
Refreshing native plugins compatible for Editor in 1.14 ms, found 5 plugins.
Preloading 0 native plugins for Editor in 0.00 ms.
Mono: successfully reloaded assembly
- Completed reload, in  1.574 seconds
Domain Reload Profiling:
	ReloadAssembly (1575ms)
		BeginReloadAssembly (245ms)
			ExecutionOrderSort (0ms)
			DisableScriptedObjects (6ms)
			BackupInstance (0ms)
			ReleaseScriptingObjects (0ms)
			CreateAndSetChildDomain (51ms)
		EndReloadAssembly (1137ms)
			LoadAssemblies (211ms)
			RebuildTransferFunctionScriptingTraits (0ms)
			SetupTypeCache (340ms)
			ReleaseScriptCaches (1ms)
			RebuildScriptCaches (61ms)
			SetupLoadedEditorAssemblies (535ms)
				LogAssemblyErrors (0ms)
				InitializePlatformSupportModulesInManaged (25ms)
				SetLoadedEditorAssemblies (1ms)
				RefreshPlugins (1ms)
				BeforeProcessingInitializeOnLoad (232ms)
				ProcessInitializeOnLoadAttributes (245ms)
				ProcessInitializeOnLoadMethodAttributes (22ms)
				AfterProcessingInitializeOnLoad (10ms)
				EditorAssembliesLoaded (0ms)
			ExecutionOrderSort2 (0ms)
			AwakeInstancesAfterBackupRestoration (10ms)
Platform modules already initialized, skipping
Refreshing native plugins compatible for Editor in 2.34 ms, found 5 plugins.
Preloading 0 native plugins for Editor in 0.00 ms.
Unloading 3389 Unused Serialized files (Serialized files now loaded: 0)
Unloading 21 unused Assets / (153.0 KB). Loaded Objects now: 4055.
Memory consumption went from 137.9 MB to 137.8 MB.
Total: 3.693100 ms (FindLiveObjects: 0.309500 ms CreateObjectMapping: 0.260700 ms MarkObjects: 3.001300 ms  DeleteObjects: 0.120300 ms)

AssetImportParameters requested are different than current active one (requested -> active):
  custom:video-decoder-ogg-theora: a1e56fd34408186e4bbccfd4996cb3dc -> 
  custom:container-muxer-webm: aa71ff27fc2769a1b78a27578f13a17b -> 
  custom:container-demuxer-webm: 4f35f7cbe854078d1ac9338744f61a02 -> 
  custom:video-encoder-webm-vp8: eb34c28f22e8b96e1ab97ce403110664 -> 
  custom:audio-encoder-webm-vorbis: bf7c407c2cedff20999df2af8eb42d56 -> 
  custom:framework-win-MediaFoundation: 216162199b28c13a410421893ffa2e32 -> 
  custom:container-demuxer-ogg: 62fdf1f143b41e24485cea50d1cbac27 -> 
  custom:video-decoder-webm-vp8: 9c59270c3fd7afecdb556c50c9e8de78 -> 
  custom:audio-decoder-ogg-vorbis: bf7c407c2cedff20999df2af8eb42d56 -> 
========================================================================
Received Prepare
Registering precompiled user dll's ...
Registered in 0.006041 seconds.
Begin MonoManager ReloadAssembly
Symbol file LoadedFromMemory doesn't match image E:\FYP_GAME\Casual Kabaddi B\Library\PackageCache\com.unity.visualscripting@1.8.0\Editor\VisualScripting.Core\Dependencies\YamlDotNet\Unity.VisualScripting.YamlDotNet.dll
Symbol file LoadedFromMemory doesn't match image E:\FYP_GAME\Casual Kabaddi B\Library\PackageCache\com.unity.visualscripting@1.8.0\Editor\VisualScripting.Core\Dependencies\DotNetZip\Unity.VisualScripting.IonicZip.dll
Native extension for WindowsStandalone target not found
Native extension for Android target not found
Native extension for WebGL target not found
Refreshing native plugins compatible for Editor in 10.86 ms, found 5 plugins.
Preloading 0 native plugins for Editor in 0.00 ms.
Mono: successfully reloaded assembly
- Completed reload, in  4.387 seconds
Domain Reload Profiling:
	ReloadAssembly (4388ms)
		BeginReloadAssembly (236ms)
			ExecutionOrderSort (0ms)
			DisableScriptedObjects (8ms)
			BackupInstance (0ms)
			ReleaseScriptingObjects (0ms)
			CreateAndSetChildDomain (72ms)
		EndReloadAssembly (4003ms)
			LoadAssemblies (162ms)
			RebuildTransferFunctionScriptingTraits (0ms)
			SetupTypeCache (1566ms)
			ReleaseScriptCaches (13ms)
			RebuildScriptCaches (738ms)
			SetupLoadedEditorAssemblies (814ms)
				LogAssemblyErrors (0ms)
				InitializePlatformSupportModulesInManaged (158ms)
				SetLoadedEditorAssemblies (3ms)
				RefreshPlugins (11ms)
				BeforeProcessingInitializeOnLoad (255ms)
				ProcessInitializeOnLoadAttributes (354ms)
				ProcessInitializeOnLoadMethodAttributes (22ms)
				AfterProcessingInitializeOnLoad (10ms)
				EditorAssembliesLoaded (0ms)
			ExecutionOrderSort2 (0ms)
			AwakeInstancesAfterBackupRestoration (11ms)
Platform modules already initialized, skipping
Refreshing native plugins compatible for Editor in 1.87 ms, found 5 plugins.
Preloading 0 native plugins for Editor in 0.00 ms.
Unloading 3389 Unused Serialized files (Serialized files now loaded: 0)
Unloading 21 unused Assets / (153.2 KB). Loaded Objects now: 4070.
Memory consumption went from 138.0 MB to 137.8 MB.
Total: 4.012200 ms (FindLiveObjects: 0.328300 ms CreateObjectMapping: 0.199000 ms MarkObjects: 3.362400 ms  DeleteObjects: 0.121300 ms)

AssetImportParameters requested are different than current active one (requested -> active):
  custom:video-decoder-ogg-theora: a1e56fd34408186e4bbccfd4996cb3dc -> 
  custom:container-muxer-webm: aa71ff27fc2769a1b78a27578f13a17b -> 
  custom:container-demuxer-webm: 4f35f7cbe854078d1ac9338744f61a02 -> 
  custom:video-encoder-webm-vp8: eb34c28f22e8b96e1ab97ce403110664 -> 
  custom:audio-encoder-webm-vorbis: bf7c407c2cedff20999df2af8eb42d56 -> 
  custom:framework-win-MediaFoundation: 216162199b28c13a410421893ffa2e32 -> 
  custom:container-demuxer-ogg: 62fdf1f143b41e24485cea50d1cbac27 -> 
  custom:video-decoder-webm-vp8: 9c59270c3fd7afecdb556c50c9e8de78 -> 
  custom:audio-decoder-ogg-vorbis: bf7c407c2cedff20999df2af8eb42d56 -> 
========================================================================
Received Prepare
Registering precompiled user dll's ...
Registered in 0.004091 seconds.
Begin MonoManager ReloadAssembly
Symbol file LoadedFromMemory doesn't match image E:\FYP_GAME\Casual Kabaddi B\Library\PackageCache\com.unity.visualscripting@1.8.0\Editor\VisualScripting.Core\Dependencies\YamlDotNet\Unity.VisualScripting.YamlDotNet.dll
Symbol file LoadedFromMemory doesn't match image E:\FYP_GAME\Casual Kabaddi B\Library\PackageCache\com.unity.visualscripting@1.8.0\Editor\VisualScripting.Core\Dependencies\DotNetZip\Unity.VisualScripting.IonicZip.dll
Native extension for WindowsStandalone target not found
Native extension for Android target not found
Native extension for WebGL target not found
Refreshing native plugins compatible for Editor in 3.45 ms, found 5 plugins.
Preloading 0 native plugins for Editor in 0.00 ms.
Mono: successfully reloaded assembly
- Completed reload, in  6.605 seconds
Domain Reload Profiling:
	ReloadAssembly (6610ms)
		BeginReloadAssembly (233ms)
			ExecutionOrderSort (0ms)
			DisableScriptedObjects (8ms)
			BackupInstance (0ms)
			ReleaseScriptingObjects (0ms)
			CreateAndSetChildDomain (64ms)
		EndReloadAssembly (6238ms)
			LoadAssemblies (162ms)
			RebuildTransferFunctionScriptingTraits (0ms)
			SetupTypeCache (1057ms)
			ReleaseScriptCaches (2ms)
			RebuildScriptCaches (496ms)
			SetupLoadedEditorAssemblies (3559ms)
				LogAssemblyErrors (0ms)
				InitializePlatformSupportModulesInManaged (253ms)
				SetLoadedEditorAssemblies (3ms)
				RefreshPlugins (4ms)
				BeforeProcessingInitializeOnLoad (475ms)
				ProcessInitializeOnLoadAttributes (2525ms)
				ProcessInitializeOnLoadMethodAttributes (181ms)
				AfterProcessingInitializeOnLoad (117ms)
				EditorAssembliesLoaded (1ms)
			ExecutionOrderSort2 (0ms)
			AwakeInstancesAfterBackupRestoration (165ms)
Platform modules already initialized, skipping
Refreshing native plugins compatible for Editor in 20.25 ms, found 5 plugins.
Preloading 0 native plugins for Editor in 0.00 ms.
Unloading 3389 Unused Serialized files (Serialized files now loaded: 0)
Unloading 21 unused Assets / (153.2 KB). Loaded Objects now: 4085.
Memory consumption went from 138.0 MB to 137.8 MB.
Total: 23.529300 ms (FindLiveObjects: 3.696100 ms CreateObjectMapping: 0.983400 ms MarkObjects: 17.917500 ms  DeleteObjects: 0.930100 ms)

AssetImportParameters requested are different than current active one (requested -> active):
  custom:video-decoder-ogg-theora: a1e56fd34408186e4bbccfd4996cb3dc -> 
  custom:container-muxer-webm: aa71ff27fc2769a1b78a27578f13a17b -> 
  custom:container-demuxer-webm: 4f35f7cbe854078d1ac9338744f61a02 -> 
  custom:video-encoder-webm-vp8: eb34c28f22e8b96e1ab97ce403110664 -> 
  custom:audio-encoder-webm-vorbis: bf7c407c2cedff20999df2af8eb42d56 -> 
  custom:framework-win-MediaFoundation: 216162199b28c13a410421893ffa2e32 -> 
  custom:container-demuxer-ogg: 62fdf1f143b41e24485cea50d1cbac27 -> 
  custom:video-decoder-webm-vp8: 9c59270c3fd7afecdb556c50c9e8de78 -> 
  custom:audio-decoder-ogg-vorbis: bf7c407c2cedff20999df2af8eb42d56 -> 
========================================================================
Received Prepare
Registering precompiled user dll's ...
Registered in 0.005612 seconds.
Begin MonoManager ReloadAssembly
Symbol file LoadedFromMemory doesn't match image E:\FYP_GAME\Casual Kabaddi B\Library\PackageCache\com.unity.visualscripting@1.8.0\Editor\VisualScripting.Core\Dependencies\YamlDotNet\Unity.VisualScripting.YamlDotNet.dll
Symbol file LoadedFromMemory doesn't match image E:\FYP_GAME\Casual Kabaddi B\Library\PackageCache\com.unity.visualscripting@1.8.0\Editor\VisualScripting.Core\Dependencies\DotNetZip\Unity.VisualScripting.IonicZip.dll
Native extension for WindowsStandalone target not found
Native extension for Android target not found
Native extension for WebGL target not found
Refreshing native plugins compatible for Editor in 1.17 ms, found 5 plugins.
Preloading 0 native plugins for Editor in 0.00 ms.
Mono: successfully reloaded assembly
- Completed reload, in  1.523 seconds
Domain Reload Profiling:
	ReloadAssembly (1524ms)
		BeginReloadAssembly (228ms)
			ExecutionOrderSort (0ms)
			DisableScriptedObjects (8ms)
			BackupInstance (0ms)
			ReleaseScriptingObjects (0ms)
			CreateAndSetChildDomain (51ms)
		EndReloadAssembly (1121ms)
			LoadAssemblies (167ms)
			RebuildTransferFunctionScriptingTraits (0ms)
			SetupTypeCache (366ms)
			ReleaseScriptCaches (1ms)
			RebuildScriptCaches (57ms)
			SetupLoadedEditorAssemblies (533ms)
				LogAssemblyErrors (0ms)
				InitializePlatformSupportModulesInManaged (145ms)
				SetLoadedEditorAssemblies (1ms)
				RefreshPlugins (1ms)
				BeforeProcessingInitializeOnLoad (111ms)
				ProcessInitializeOnLoadAttributes (242ms)
				ProcessInitializeOnLoadMethodAttributes (22ms)
				AfterProcessingInitializeOnLoad (11ms)
				EditorAssembliesLoaded (0ms)
			ExecutionOrderSort2 (0ms)
			AwakeInstancesAfterBackupRestoration (11ms)
Platform modules already initialized, skipping
Refreshing native plugins compatible for Editor in 1.87 ms, found 5 plugins.
Preloading 0 native plugins for Editor in 0.00 ms.
Unloading 3389 Unused Serialized files (Serialized files now loaded: 0)
Unloading 21 unused Assets / (153.0 KB). Loaded Objects now: 4100.
Memory consumption went from 138.0 MB to 137.8 MB.
Total: 3.617500 ms (FindLiveObjects: 0.475400 ms CreateObjectMapping: 0.333000 ms MarkObjects: 2.694200 ms  DeleteObjects: 0.113800 ms)

AssetImportParameters requested are different than current active one (requested -> active):
  custom:video-decoder-ogg-theora: a1e56fd34408186e4bbccfd4996cb3dc -> 
  custom:container-muxer-webm: aa71ff27fc2769a1b78a27578f13a17b -> 
  custom:container-demuxer-webm: 4f35f7cbe854078d1ac9338744f61a02 -> 
  custom:video-encoder-webm-vp8: eb34c28f22e8b96e1ab97ce403110664 -> 
  custom:audio-encoder-webm-vorbis: bf7c407c2cedff20999df2af8eb42d56 -> 
  custom:framework-win-MediaFoundation: 216162199b28c13a410421893ffa2e32 -> 
  custom:container-demuxer-ogg: 62fdf1f143b41e24485cea50d1cbac27 -> 
  custom:video-decoder-webm-vp8: 9c59270c3fd7afecdb556c50c9e8de78 -> 
  custom:audio-decoder-ogg-vorbis: bf7c407c2cedff20999df2af8eb42d56 -> 
========================================================================
Received Prepare
Registering precompiled user dll's ...
Registered in 0.004697 seconds.
Begin MonoManager ReloadAssembly
Symbol file LoadedFromMemory doesn't match image E:\FYP_GAME\Casual Kabaddi B\Library\PackageCache\com.unity.visualscripting@1.8.0\Editor\VisualScripting.Core\Dependencies\YamlDotNet\Unity.VisualScripting.YamlDotNet.dll
Symbol file LoadedFromMemory doesn't match image E:\FYP_GAME\Casual Kabaddi B\Library\PackageCache\com.unity.visualscripting@1.8.0\Editor\VisualScripting.Core\Dependencies\DotNetZip\Unity.VisualScripting.IonicZip.dll
Native extension for WindowsStandalone target not found
Native extension for Android target not found
Native extension for WebGL target not found
Refreshing native plugins compatible for Editor in 4.42 ms, found 5 plugins.
Preloading 0 native plugins for Editor in 0.00 ms.
Mono: successfully reloaded assembly
- Completed reload, in  6.599 seconds
Domain Reload Profiling:
	ReloadAssembly (6607ms)
		BeginReloadAssembly (258ms)
			ExecutionOrderSort (0ms)
			DisableScriptedObjects (7ms)
			BackupInstance (0ms)
			ReleaseScriptingObjects (0ms)
			CreateAndSetChildDomain (57ms)
		EndReloadAssembly (6180ms)
			LoadAssemblies (172ms)
			RebuildTransferFunctionScriptingTraits (0ms)
			SetupTypeCache (2036ms)
			ReleaseScriptCaches (13ms)
			RebuildScriptCaches (106ms)
			SetupLoadedEditorAssemblies (3237ms)
				LogAssemblyErrors (0ms)
				InitializePlatformSupportModulesInManaged (33ms)
				SetLoadedEditorAssemblies (9ms)
				RefreshPlugins (6ms)
				BeforeProcessingInitializeOnLoad (482ms)
				ProcessInitializeOnLoadAttributes (2417ms)
				ProcessInitializeOnLoadMethodAttributes (195ms)
				AfterProcessingInitializeOnLoad (89ms)
				EditorAssembliesLoaded (5ms)
			ExecutionOrderSort2 (0ms)
			AwakeInstancesAfterBackupRestoration (74ms)
Platform modules already initialized, skipping
Refreshing native plugins compatible for Editor in 13.27 ms, found 5 plugins.
Preloading 0 native plugins for Editor in 0.00 ms.
Unloading 3389 Unused Serialized files (Serialized files now loaded: 0)
Unloading 21 unused Assets / (153.1 KB). Loaded Objects now: 4115.
Memory consumption went from 138.0 MB to 137.9 MB.
Total: 26.849700 ms (FindLiveObjects: 2.249100 ms CreateObjectMapping: 7.413500 ms MarkObjects: 15.240800 ms  DeleteObjects: 1.943400 ms)

AssetImportParameters requested are different than current active one (requested -> active):
  custom:video-decoder-ogg-theora: a1e56fd34408186e4bbccfd4996cb3dc -> 
  custom:container-muxer-webm: aa71ff27fc2769a1b78a27578f13a17b -> 
  custom:container-demuxer-webm: 4f35f7cbe854078d1ac9338744f61a02 -> 
  custom:video-encoder-webm-vp8: eb34c28f22e8b96e1ab97ce403110664 -> 
  custom:audio-encoder-webm-vorbis: bf7c407c2cedff20999df2af8eb42d56 -> 
  custom:framework-win-MediaFoundation: 216162199b28c13a410421893ffa2e32 -> 
  custom:container-demuxer-ogg: 62fdf1f143b41e24485cea50d1cbac27 -> 
  custom:video-decoder-webm-vp8: 9c59270c3fd7afecdb556c50c9e8de78 -> 
  custom:audio-decoder-ogg-vorbis: bf7c407c2cedff20999df2af8eb42d56 -> 
========================================================================
Received Prepare
Registering precompiled user dll's ...
Registered in 0.003984 seconds.
Begin MonoManager ReloadAssembly
Symbol file LoadedFromMemory doesn't match image E:\FYP_GAME\Casual Kabaddi B\Library\PackageCache\com.unity.visualscripting@1.8.0\Editor\VisualScripting.Core\Dependencies\YamlDotNet\Unity.VisualScripting.YamlDotNet.dll
Symbol file LoadedFromMemory doesn't match image E:\FYP_GAME\Casual Kabaddi B\Library\PackageCache\com.unity.visualscripting@1.8.0\Editor\VisualScripting.Core\Dependencies\DotNetZip\Unity.VisualScripting.IonicZip.dll
Native extension for WindowsStandalone target not found
Native extension for Android target not found
Native extension for WebGL target not found
Refreshing native plugins compatible for Editor in 3.85 ms, found 5 plugins.
Preloading 0 native plugins for Editor in 0.00 ms.
Mono: successfully reloaded assembly
- Completed reload, in  7.141 seconds
Domain Reload Profiling:
	ReloadAssembly (7155ms)
		BeginReloadAssembly (257ms)
			ExecutionOrderSort (0ms)
			DisableScriptedObjects (6ms)
			BackupInstance (0ms)
			ReleaseScriptingObjects (0ms)
			CreateAndSetChildDomain (58ms)
		EndReloadAssembly (6758ms)
			LoadAssemblies (184ms)
			RebuildTransferFunctionScriptingTraits (0ms)
			SetupTypeCache (1368ms)
			ReleaseScriptCaches (11ms)
			RebuildScriptCaches (639ms)
			SetupLoadedEditorAssemblies (3589ms)
				LogAssemblyErrors (0ms)
				InitializePlatformSupportModulesInManaged (175ms)
				SetLoadedEditorAssemblies (3ms)
				RefreshPlugins (4ms)
				BeforeProcessingInitializeOnLoad (520ms)
				ProcessInitializeOnLoadAttributes (2461ms)
				ProcessInitializeOnLoadMethodAttributes (278ms)
				AfterProcessingInitializeOnLoad (141ms)
				EditorAssembliesLoaded (6ms)
			ExecutionOrderSort2 (0ms)
			AwakeInstancesAfterBackupRestoration (74ms)
Platform modules already initialized, skipping
Refreshing native plugins compatible for Editor in 18.17 ms, found 5 plugins.
Preloading 0 native plugins for Editor in 0.00 ms.
Unloading 3389 Unused Serialized files (Serialized files now loaded: 0)
Unloading 21 unused Assets / (153.0 KB). Loaded Objects now: 4130.
Memory consumption went from 138.0 MB to 137.9 MB.
Total: 27.929700 ms (FindLiveObjects: 3.511600 ms CreateObjectMapping: 10.202300 ms MarkObjects: 13.884800 ms  DeleteObjects: 0.328100 ms)

AssetImportParameters requested are different than current active one (requested -> active):
  custom:video-decoder-ogg-theora: a1e56fd34408186e4bbccfd4996cb3dc -> 
  custom:container-muxer-webm: aa71ff27fc2769a1b78a27578f13a17b -> 
  custom:container-demuxer-webm: 4f35f7cbe854078d1ac9338744f61a02 -> 
  custom:video-encoder-webm-vp8: eb34c28f22e8b96e1ab97ce403110664 -> 
  custom:audio-encoder-webm-vorbis: bf7c407c2cedff20999df2af8eb42d56 -> 
  custom:framework-win-MediaFoundation: 216162199b28c13a410421893ffa2e32 -> 
  custom:container-demuxer-ogg: 62fdf1f143b41e24485cea50d1cbac27 -> 
  custom:video-decoder-webm-vp8: 9c59270c3fd7afecdb556c50c9e8de78 -> 
  custom:audio-decoder-ogg-vorbis: bf7c407c2cedff20999df2af8eb42d56 -> 
